<?xml version="1.0" encoding="UTF-8"?>
<!-- Generated by org.testng.reporters.JUnitReportReporter -->
<testsuite hostname="WINDOWS-FNODLIV" name="com.ebay.qa.test.HomePageTestcases" tests="2" failures="0" timestamp="22 Feb 2023 03:23:30 GMT" time="10.096" errors="0">
  <testcase name="homepageLogoTest" time="6.063" classname="com.ebay.qa.test.HomePageTestcases"/>
  <testcase name="homepageTitleTest" time="4.033" classname="com.ebay.qa.test.HomePageTestcases"/>
</testsuite> <!-- com.ebay.qa.test.HomePageTestcases -->
